#-----------------------------------------------------------
# Vivado v2016.1 (64-bit)
# SW Build 1538259 on Fri Apr  8 15:45:27 MDT 2016
# IP Build 1537824 on Fri Apr  8 04:28:57 MDT 2016
# Start of session at: Thu Nov 07 21:38:56 2024
# Process ID: 17052
# Current directory: C:/Users/umitc/homeautomationsystemassignment2
# Command line: vivado.exe -gui_launcher_event rodinguilauncherevent1600 C:\Users\umitc\homeautomationsystemassignment2\homeautomationsystemassignment2.xpr
# Log file: C:/Users/umitc/homeautomationsystemassignment2/vivado.log
# Journal file: C:/Users/umitc/homeautomationsystemassignment2\vivado.jou
#-----------------------------------------------------------
start_gui
open_project C:/Users/umitc/homeautomationsystemassignment2/homeautomationsystemassignment2.xpr
Scanning sources...
Finished scanning sources
INFO: [IP_Flow 19-234] Refreshing IP repositories
INFO: [IP_Flow 19-1704] No user IP repositories specified
INFO: [IP_Flow 19-2313] Loaded Vivado IP repository 'C:/Xilinx/Vivado/2016.1/data/ip'.
update_compile_order -fileset sources_1eexit
INFO: [Common 17-206] Exiting Vivado at Thu Nov 07 21:39:26 2024...
